<testsuites id="" name="" tests="425" failures="0" skipped="8" errors="0" time="212.45676500000002">
<testsuite name="auth.setup.ts" timestamp="2026-02-13T22:29:23.489Z" hostname="setup" tests="1" failures="0" skipped="0" time="9.807" errors="0">
<testcase name="authenticate" classname="auth.setup.ts" time="9.807">
<system-out>
<![CDATA[✅ Authentication setup complete. Session saved to C:\Users\davy_\mtg_ai_assistant\frontend\tests\.auth\user.json
]]>
</system-out>
</testcase>
</testsuite>
<testsuite name="e2e\comprehensive-site.spec.ts" timestamp="2026-02-13T22:29:23.489Z" hostname="smoke" tests="106" failures="0" skipped="2" time="124.533" errors="0">
<testcase name="Comprehensive Site Test › 1. Homepage — loads, chat visible, no critical errors" classname="e2e\comprehensive-site.spec.ts" time="11.96">
</testcase>
<testcase name="Comprehensive Site Test › 2. Static core pages — all return 200" classname="e2e\comprehensive-site.spec.ts" time="1.877">
</testcase>
<testcase name="Comprehensive Site Test › 3. Commander hub pages — first 10 commanders load" classname="e2e\comprehensive-site.spec.ts" time="7.207">
</testcase>
<testcase name="Comprehensive Site Test › 4. Commander content pages — mulligan, budget, best-cards" classname="e2e\comprehensive-site.spec.ts" time="2.381">
</testcase>
<testcase name="Comprehensive Site Test › 5. Commander hub polish — stats ribbon, tools, synergy, similar" classname="e2e\comprehensive-site.spec.ts" time="2.348">
</testcase>
<testcase name="Comprehensive Site Test › 6. Archetypes — index + all archetype pages" classname="e2e\comprehensive-site.spec.ts" time="4.107">
</testcase>
<testcase name="Comprehensive Site Test › 7. Strategies — index + all strategy pages" classname="e2e\comprehensive-site.spec.ts" time="4.059">
</testcase>
<testcase name="Comprehensive Site Test › 8. Meta pages — trending, most-played, budget" classname="e2e\comprehensive-site.spec.ts" time="3.708">
</testcase>
<testcase name="Comprehensive Site Test › 9. Cards — index + top card pages" classname="e2e\comprehensive-site.spec.ts" time="3.93">
</testcase>
<testcase name="Comprehensive Site Test › 10. Blog — index + sample posts" classname="e2e\comprehensive-site.spec.ts" time="2.439">
</testcase>
<testcase name="Comprehensive Site Test › 11. Monetization — pricing page content" classname="e2e\comprehensive-site.spec.ts" time="1.178">
</testcase>
<testcase name="Comprehensive Site Test › 12. Monetization — upgrade CTA exists on tool pages" classname="e2e\comprehensive-site.spec.ts" time="1.667">
</testcase>
<testcase name="Comprehensive Site Test › 13. Discoverability — sitemap index returns 200" classname="e2e\comprehensive-site.spec.ts" time="0.003">
<properties>
<property name="skip" value="Sitemap may not be available in dev mode">
</property>
</properties>
<skipped>
</skipped>
</testcase>
<testcase name="Comprehensive Site Test › 14. Discoverability — sitemap segments return valid XML" classname="e2e\comprehensive-site.spec.ts" time="0.002">
<properties>
<property name="skip" value="Sitemap may not be available in dev mode">
</property>
</properties>
<skipped>
</skipped>
</testcase>
<testcase name="Comprehensive Site Test › 15. Discoverability — key pages have title and meta" classname="e2e\comprehensive-site.spec.ts" time="7.304">
</testcase>
<testcase name="Comprehensive Site Test › 16. Tools — mulligan simulator loads" classname="e2e\comprehensive-site.spec.ts" time="1.472">
</testcase>
<testcase name="Comprehensive Site Test › 17. Tools — probability calculator loads" classname="e2e\comprehensive-site.spec.ts" time="1.503">
</testcase>
<testcase name="Comprehensive Site Test › 18. Tools — cost-to-finish loads" classname="e2e\comprehensive-site.spec.ts" time="1.599">
</testcase>
<testcase name="Comprehensive Site Test › 19. Tools — budget swap suggestions loads" classname="e2e\comprehensive-site.spec.ts" time="0.93">
</testcase>
<testcase name="Comprehensive Site Test › 20. Tools — price tracker loads" classname="e2e\comprehensive-site.spec.ts" time="1.344">
</testcase>
<testcase name="Comprehensive Site Test › 21. Deck browse — search works" classname="e2e\comprehensive-site.spec.ts" time="0.876">
</testcase>
<testcase name="Comprehensive Site Test › 22. Commander tools CTA — links are crawlable" classname="e2e\comprehensive-site.spec.ts" time="2.095">
</testcase>
<testcase name="Comprehensive Site Test › 23. Internal linking — commander hub to content pages" classname="e2e\comprehensive-site.spec.ts" time="1.546">
</testcase>
<testcase name="Comprehensive Site Test › 24. Similar commanders — links to other commanders" classname="e2e\comprehensive-site.spec.ts" time="1.335">
</testcase>
<testcase name="Comprehensive Site Test › 25. Health API — returns ok" classname="e2e\comprehensive-site.spec.ts" time="0.176">
</testcase>
<testcase name="Comprehensive Site Test › 26. Guest pages — my-decks, collections, profile show sign-in when not logged in" classname="e2e\comprehensive-site.spec.ts" time="1.636">
</testcase>
<testcase name="Comprehensive Site Test › 27. Wishlist page loads" classname="e2e\comprehensive-site.spec.ts" time="1.01">
</testcase>
<testcase name="Comprehensive Site Test › 28. New deck page loads" classname="e2e\comprehensive-site.spec.ts" time="1.036">
</testcase>
<testcase name="Comprehensive Site Test › 29. Compare decks page loads" classname="e2e\comprehensive-site.spec.ts" time="0.819">
</testcase>
<testcase name="Comprehensive Site Test › 30. SEO /q pages — at least index works" classname="e2e\comprehensive-site.spec.ts" time="0.76">
</testcase>
<testcase name="Extended Routes › Route /refund returns 200" classname="e2e\comprehensive-site.spec.ts" time="0.038">
</testcase>
<testcase name="Extended Routes › Route /thank-you returns 200" classname="e2e\comprehensive-site.spec.ts" time="0.019">
</testcase>
<testcase name="Extended Routes › Route /budget-swaps returns 200" classname="e2e\comprehensive-site.spec.ts" time="0.038">
</testcase>
<testcase name="Extended Routes › Route /compare-decks returns 200" classname="e2e\comprehensive-site.spec.ts" time="0.109">
</testcase>
<testcase name="Extended Routes › Route /watchlist returns 200" classname="e2e\comprehensive-site.spec.ts" time="0.021">
</testcase>
<testcase name="Extended Routes › Route /binder/sol-ring returns 200" classname="e2e\comprehensive-site.spec.ts" time="0.205">
</testcase>
<testcase name="Extended Routes › Route /collections returns 200" classname="e2e\comprehensive-site.spec.ts" time="0.018">
</testcase>
<testcase name="Extended Routes › Route /meta/trending-commanders returns 200" classname="e2e\comprehensive-site.spec.ts" time="0.176">
</testcase>
<testcase name="Extended Routes › Blog post /blog/devlog-23-days-soft-launch loads" classname="e2e\comprehensive-site.spec.ts" time="0.829">
</testcase>
<testcase name="Extended Routes › Blog post /blog/welcome-to-manatap-ai-soft-launch loads" classname="e2e\comprehensive-site.spec.ts" time="1.274">
</testcase>
<testcase name="Extended Routes › Blog post /blog/budget-commander-100 loads" classname="e2e\comprehensive-site.spec.ts" time="1.17">
</testcase>
<testcase name="Extended Routes › Blog post /blog/mana-curve-mastery loads" classname="e2e\comprehensive-site.spec.ts" time="1.351">
</testcase>
<testcase name="Extended Routes › Blog post /blog/budget-edh-hidden-gems loads" classname="e2e\comprehensive-site.spec.ts" time="0.844">
</testcase>
<testcase name="Extended Routes › Blog post /blog/how-to-build-your-first-commander-deck loads" classname="e2e\comprehensive-site.spec.ts" time="0.836">
</testcase>
<testcase name="Extended Routes › Blog post /blog/the-7-most-common-deckbuilding-mistakes loads" classname="e2e\comprehensive-site.spec.ts" time="1.241">
</testcase>
<testcase name="Extended Routes › Blog post /blog/edh-land-count-what-the-community-actually-runs loads" classname="e2e\comprehensive-site.spec.ts" time="0.794">
</testcase>
<testcase name="Extended Routes › Blog post /blog/top-budget-staples-every-mtg-player-should-know-2025 loads" classname="e2e\comprehensive-site.spec.ts" time="1.028">
</testcase>
<testcase name="Extended Routes › Blog post /blog/why-ai-can-help-with-mtg-deck-building loads" classname="e2e\comprehensive-site.spec.ts" time="1.191">
</testcase>
<testcase name="Extended Routes › Blog post /blog/how-manatap-ai-works loads" classname="e2e\comprehensive-site.spec.ts" time="1.185">
</testcase>
<testcase name="Extended Routes › Blog post /blog/how-ai-evaluates-mtg-deck-synergy loads" classname="e2e\comprehensive-site.spec.ts" time="1.055">
</testcase>
<testcase name="Extended Routes › Archetype /commander-archetypes/dragons loads" classname="e2e\comprehensive-site.spec.ts" time="0.113">
</testcase>
<testcase name="Extended Routes › Archetype /commander-archetypes/aristocrats loads" classname="e2e\comprehensive-site.spec.ts" time="0.108">
</testcase>
<testcase name="Extended Routes › Archetype /commander-archetypes/treasure loads" classname="e2e\comprehensive-site.spec.ts" time="0.102">
</testcase>
<testcase name="Extended Routes › Archetype /commander-archetypes/spellslinger loads" classname="e2e\comprehensive-site.spec.ts" time="0.101">
</testcase>
<testcase name="Extended Routes › Archetype /commander-archetypes/elfball loads" classname="e2e\comprehensive-site.spec.ts" time="0.105">
</testcase>
<testcase name="Extended Routes › Archetype /commander-archetypes/tokens loads" classname="e2e\comprehensive-site.spec.ts" time="0.114">
</testcase>
<testcase name="Extended Routes › Archetype /commander-archetypes/sacrifice loads" classname="e2e\comprehensive-site.spec.ts" time="0.116">
</testcase>
<testcase name="Extended Routes › Archetype /commander-archetypes/reanimator loads" classname="e2e\comprehensive-site.spec.ts" time="0.102">
</testcase>
<testcase name="Extended Routes › Archetype /commander-archetypes/artifacts loads" classname="e2e\comprehensive-site.spec.ts" time="0.102">
</testcase>
<testcase name="Extended Routes › Archetype /commander-archetypes/enchantress loads" classname="e2e\comprehensive-site.spec.ts" time="0.14">
</testcase>
<testcase name="Extended Routes › Strategy /strategies/ramp loads" classname="e2e\comprehensive-site.spec.ts" time="0.099">
</testcase>
<testcase name="Extended Routes › Strategy /strategies/tokens loads" classname="e2e\comprehensive-site.spec.ts" time="0.144">
</testcase>
<testcase name="Extended Routes › Strategy /strategies/sacrifice loads" classname="e2e\comprehensive-site.spec.ts" time="0.114">
</testcase>
<testcase name="Extended Routes › Strategy /strategies/control loads" classname="e2e\comprehensive-site.spec.ts" time="0.105">
</testcase>
<testcase name="Extended Routes › Strategy /strategies/aggro loads" classname="e2e\comprehensive-site.spec.ts" time="0.172">
</testcase>
<testcase name="Extended Routes › Strategy /strategies/combo loads" classname="e2e\comprehensive-site.spec.ts" time="0.128">
</testcase>
<testcase name="Commander Content Multi › /commanders/edgar-markov/mulligan-guide loads" classname="e2e\comprehensive-site.spec.ts" time="0.138">
</testcase>
<testcase name="Commander Content Multi › /commanders/edgar-markov/budget-upgrades loads" classname="e2e\comprehensive-site.spec.ts" time="0.17">
</testcase>
<testcase name="Commander Content Multi › /commanders/edgar-markov/best-cards loads" classname="e2e\comprehensive-site.spec.ts" time="0.111">
</testcase>
<testcase name="Commander Content Multi › /commanders/giada-font-of-hope/mulligan-guide loads" classname="e2e\comprehensive-site.spec.ts" time="0.183">
</testcase>
<testcase name="Commander Content Multi › /commanders/giada-font-of-hope/budget-upgrades loads" classname="e2e\comprehensive-site.spec.ts" time="0.293">
</testcase>
<testcase name="Commander Content Multi › /commanders/giada-font-of-hope/best-cards loads" classname="e2e\comprehensive-site.spec.ts" time="0.202">
</testcase>
<testcase name="Commander Content Multi › /commanders/krenko-mob-boss/mulligan-guide loads" classname="e2e\comprehensive-site.spec.ts" time="0.18">
</testcase>
<testcase name="Commander Content Multi › /commanders/krenko-mob-boss/budget-upgrades loads" classname="e2e\comprehensive-site.spec.ts" time="0.131">
</testcase>
<testcase name="Commander Content Multi › /commanders/krenko-mob-boss/best-cards loads" classname="e2e\comprehensive-site.spec.ts" time="0.166">
</testcase>
<testcase name="Page Titles (SEO) › Title for /commanders matches /commanders|Commander/i" classname="e2e\comprehensive-site.spec.ts" time="0.908">
</testcase>
<testcase name="Page Titles (SEO) › Title for /commander-archetypes matches /archetype|Commander/i" classname="e2e\comprehensive-site.spec.ts" time="1.334">
</testcase>
<testcase name="Page Titles (SEO) › Title for /strategies matches /strategi|Commander/i" classname="e2e\comprehensive-site.spec.ts" time="1.141">
</testcase>
<testcase name="Page Titles (SEO) › Title for /meta matches /meta|trending|ManaTap/i" classname="e2e\comprehensive-site.spec.ts" time="1.794">
</testcase>
<testcase name="Page Titles (SEO) › Title for /cards matches /card|ManaTap/i" classname="e2e\comprehensive-site.spec.ts" time="1.334">
</testcase>
<testcase name="Page Titles (SEO) › Title for /blog matches /blog|ManaTap/i" classname="e2e\comprehensive-site.spec.ts" time="0.825">
</testcase>
<testcase name="Page Titles (SEO) › Title for /tools matches /tool|MTG|ManaTap/i" classname="e2e\comprehensive-site.spec.ts" time="1.051">
</testcase>
<testcase name="Page Titles (SEO) › Title for /privacy matches /privacy|ManaTap/i" classname="e2e\comprehensive-site.spec.ts" time="1.012">
</testcase>
<testcase name="Page Titles (SEO) › Title for /terms matches /terms|ManaTap/i" classname="e2e\comprehensive-site.spec.ts" time="0.834">
</testcase>
<testcase name="Page Titles (SEO) › Title for /support matches /support|ManaTap/i" classname="e2e\comprehensive-site.spec.ts" time="1.183">
</testcase>
<testcase name="Page Titles (SEO) › Title for /changelog matches /changelog|ManaTap/i" classname="e2e\comprehensive-site.spec.ts" time="1.732">
</testcase>
<testcase name="Page Titles (SEO) › Title for /decks/browse matches /decks|browse|ManaTap/i" classname="e2e\comprehensive-site.spec.ts" time="0.863">
</testcase>
<testcase name="Page Titles (SEO) › Title for /collections/cost-to-finish matches /cost|finish|ManaTap/i" classname="e2e\comprehensive-site.spec.ts" time="1.283">
</testcase>
<testcase name="Page Titles (SEO) › Title for /deck/swap-suggestions matches /swap|budget|ManaTap/i" classname="e2e\comprehensive-site.spec.ts" time="1.514">
</testcase>
<testcase name="Page Titles (SEO) › Title for /price-tracker matches /price|tracker|ManaTap/i" classname="e2e\comprehensive-site.spec.ts" time="1.42">
</testcase>
<testcase name="Page Titles (SEO) › Title for /commanders/giada-font-of-hope matches /Giada|Commander|ManaTap/i" classname="e2e\comprehensive-site.spec.ts" time="1.595">
</testcase>
<testcase name="Navigation Flows › Homepage → Commanders index → Commander hub" classname="e2e\comprehensive-site.spec.ts" time="2.797">
</testcase>
<testcase name="Navigation Flows › Commanders index → Tools" classname="e2e\comprehensive-site.spec.ts" time="1.247">
</testcase>
<testcase name="Navigation Flows › Tools index lists all tools" classname="e2e\comprehensive-site.spec.ts" time="1.207">
</testcase>
<testcase name="Navigation Flows › Commander hub → Mulligan guide" classname="e2e\comprehensive-site.spec.ts" time="2.597">
</testcase>
<testcase name="Navigation Flows › Blog index → Blog post" classname="e2e\comprehensive-site.spec.ts" time="1.658">
</testcase>
<testcase name="API Endpoints › GET /api/health returns ok" classname="e2e\comprehensive-site.spec.ts" time="0.163">
</testcase>
<testcase name="API Endpoints › Health returns database check" classname="e2e\comprehensive-site.spec.ts" time="0.131">
</testcase>
<testcase name="Error Handling › Non-existent commander returns 404" classname="e2e\comprehensive-site.spec.ts" time="0.102">
</testcase>
<testcase name="Error Handling › Non-existent blog returns 404" classname="e2e\comprehensive-site.spec.ts" time="0.037">
</testcase>
<testcase name="Error Handling › Invalid path returns 404 or redirect" classname="e2e\comprehensive-site.spec.ts" time="0.017">
</testcase>
<testcase name="Content Verification › Commander hub has intro text" classname="e2e\comprehensive-site.spec.ts" time="1.326">
</testcase>
<testcase name="Content Verification › Archetype page has intro content" classname="e2e\comprehensive-site.spec.ts" time="1.075">
</testcase>
<testcase name="Content Verification › Strategy page has intro content" classname="e2e\comprehensive-site.spec.ts" time="1.127">
</testcase>
<testcase name="Content Verification › Blog post has article content" classname="e2e\comprehensive-site.spec.ts" time="0.918">
</testcase>
<testcase name="Content Verification › Card page has card name" classname="e2e\comprehensive-site.spec.ts" time="1.14">
</testcase>
</testsuite>
<testsuite name="e2e\comprehensive-site.spec.ts" timestamp="2026-02-13T22:29:23.489Z" hostname="smoke-iphone" tests="106" failures="0" skipped="2" time="130.234" errors="0">
<testcase name="Comprehensive Site Test › 1. Homepage — loads, chat visible, no critical errors" classname="e2e\comprehensive-site.spec.ts" time="2.188">
</testcase>
<testcase name="Comprehensive Site Test › 2. Static core pages — all return 200" classname="e2e\comprehensive-site.spec.ts" time="0.814">
</testcase>
<testcase name="Comprehensive Site Test › 3. Commander hub pages — first 10 commanders load" classname="e2e\comprehensive-site.spec.ts" time="4.078">
</testcase>
<testcase name="Comprehensive Site Test › 4. Commander content pages — mulligan, budget, best-cards" classname="e2e\comprehensive-site.spec.ts" time="1.605">
</testcase>
<testcase name="Comprehensive Site Test › 5. Commander hub polish — stats ribbon, tools, synergy, similar" classname="e2e\comprehensive-site.spec.ts" time="1.619">
</testcase>
<testcase name="Comprehensive Site Test › 6. Archetypes — index + all archetype pages" classname="e2e\comprehensive-site.spec.ts" time="4.293">
</testcase>
<testcase name="Comprehensive Site Test › 7. Strategies — index + all strategy pages" classname="e2e\comprehensive-site.spec.ts" time="5.346">
</testcase>
<testcase name="Comprehensive Site Test › 8. Meta pages — trending, most-played, budget" classname="e2e\comprehensive-site.spec.ts" time="3.23">
</testcase>
<testcase name="Comprehensive Site Test › 9. Cards — index + top card pages" classname="e2e\comprehensive-site.spec.ts" time="3.347">
</testcase>
<testcase name="Comprehensive Site Test › 10. Blog — index + sample posts" classname="e2e\comprehensive-site.spec.ts" time="3.008">
</testcase>
<testcase name="Comprehensive Site Test › 11. Monetization — pricing page content" classname="e2e\comprehensive-site.spec.ts" time="4.015">
</testcase>
<testcase name="Comprehensive Site Test › 12. Monetization — upgrade CTA exists on tool pages" classname="e2e\comprehensive-site.spec.ts" time="3.462">
</testcase>
<testcase name="Comprehensive Site Test › 13. Discoverability — sitemap index returns 200" classname="e2e\comprehensive-site.spec.ts" time="0.008">
<properties>
<property name="skip" value="Sitemap may not be available in dev mode">
</property>
</properties>
<skipped>
</skipped>
</testcase>
<testcase name="Comprehensive Site Test › 14. Discoverability — sitemap segments return valid XML" classname="e2e\comprehensive-site.spec.ts" time="0.004">
<properties>
<property name="skip" value="Sitemap may not be available in dev mode">
</property>
</properties>
<skipped>
</skipped>
</testcase>
<testcase name="Comprehensive Site Test › 15. Discoverability — key pages have title and meta" classname="e2e\comprehensive-site.spec.ts" time="4.261">
</testcase>
<testcase name="Comprehensive Site Test › 16. Tools — mulligan simulator loads" classname="e2e\comprehensive-site.spec.ts" time="2.536">
</testcase>
<testcase name="Comprehensive Site Test › 17. Tools — probability calculator loads" classname="e2e\comprehensive-site.spec.ts" time="1.457">
</testcase>
<testcase name="Comprehensive Site Test › 18. Tools — cost-to-finish loads" classname="e2e\comprehensive-site.spec.ts" time="1.344">
</testcase>
<testcase name="Comprehensive Site Test › 19. Tools — budget swap suggestions loads" classname="e2e\comprehensive-site.spec.ts" time="1.785">
</testcase>
<testcase name="Comprehensive Site Test › 20. Tools — price tracker loads" classname="e2e\comprehensive-site.spec.ts" time="1.329">
</testcase>
<testcase name="Comprehensive Site Test › 21. Deck browse — search works" classname="e2e\comprehensive-site.spec.ts" time="1.204">
</testcase>
<testcase name="Comprehensive Site Test › 22. Commander tools CTA — links are crawlable" classname="e2e\comprehensive-site.spec.ts" time="1.494">
</testcase>
<testcase name="Comprehensive Site Test › 23. Internal linking — commander hub to content pages" classname="e2e\comprehensive-site.spec.ts" time="1.487">
</testcase>
<testcase name="Comprehensive Site Test › 24. Similar commanders — links to other commanders" classname="e2e\comprehensive-site.spec.ts" time="1.585">
</testcase>
<testcase name="Comprehensive Site Test › 25. Health API — returns ok" classname="e2e\comprehensive-site.spec.ts" time="0.179">
</testcase>
<testcase name="Comprehensive Site Test › 26. Guest pages — my-decks, collections, profile show sign-in when not logged in" classname="e2e\comprehensive-site.spec.ts" time="2.819">
</testcase>
<testcase name="Comprehensive Site Test › 27. Wishlist page loads" classname="e2e\comprehensive-site.spec.ts" time="1.722">
</testcase>
<testcase name="Comprehensive Site Test › 28. New deck page loads" classname="e2e\comprehensive-site.spec.ts" time="1.171">
</testcase>
<testcase name="Comprehensive Site Test › 29. Compare decks page loads" classname="e2e\comprehensive-site.spec.ts" time="2.034">
</testcase>
<testcase name="Comprehensive Site Test › 30. SEO /q pages — at least index works" classname="e2e\comprehensive-site.spec.ts" time="0.917">
</testcase>
<testcase name="Extended Routes › Route /refund returns 200" classname="e2e\comprehensive-site.spec.ts" time="0.126">
</testcase>
<testcase name="Extended Routes › Route /thank-you returns 200" classname="e2e\comprehensive-site.spec.ts" time="0.017">
</testcase>
<testcase name="Extended Routes › Route /budget-swaps returns 200" classname="e2e\comprehensive-site.spec.ts" time="0.038">
</testcase>
<testcase name="Extended Routes › Route /compare-decks returns 200" classname="e2e\comprehensive-site.spec.ts" time="0.037">
</testcase>
<testcase name="Extended Routes › Route /watchlist returns 200" classname="e2e\comprehensive-site.spec.ts" time="0.023">
</testcase>
<testcase name="Extended Routes › Route /binder/sol-ring returns 200" classname="e2e\comprehensive-site.spec.ts" time="0.17">
</testcase>
<testcase name="Extended Routes › Route /collections returns 200" classname="e2e\comprehensive-site.spec.ts" time="0.021">
</testcase>
<testcase name="Extended Routes › Route /meta/trending-commanders returns 200" classname="e2e\comprehensive-site.spec.ts" time="0.099">
</testcase>
<testcase name="Extended Routes › Blog post /blog/devlog-23-days-soft-launch loads" classname="e2e\comprehensive-site.spec.ts" time="1.43">
</testcase>
<testcase name="Extended Routes › Blog post /blog/welcome-to-manatap-ai-soft-launch loads" classname="e2e\comprehensive-site.spec.ts" time="1.409">
</testcase>
<testcase name="Extended Routes › Blog post /blog/budget-commander-100 loads" classname="e2e\comprehensive-site.spec.ts" time="1.385">
</testcase>
<testcase name="Extended Routes › Blog post /blog/mana-curve-mastery loads" classname="e2e\comprehensive-site.spec.ts" time="1.361">
</testcase>
<testcase name="Extended Routes › Blog post /blog/budget-edh-hidden-gems loads" classname="e2e\comprehensive-site.spec.ts" time="1.416">
</testcase>
<testcase name="Extended Routes › Blog post /blog/how-to-build-your-first-commander-deck loads" classname="e2e\comprehensive-site.spec.ts" time="1.187">
</testcase>
<testcase name="Extended Routes › Blog post /blog/the-7-most-common-deckbuilding-mistakes loads" classname="e2e\comprehensive-site.spec.ts" time="1.504">
</testcase>
<testcase name="Extended Routes › Blog post /blog/edh-land-count-what-the-community-actually-runs loads" classname="e2e\comprehensive-site.spec.ts" time="1.333">
</testcase>
<testcase name="Extended Routes › Blog post /blog/top-budget-staples-every-mtg-player-should-know-2025 loads" classname="e2e\comprehensive-site.spec.ts" time="1.416">
</testcase>
<testcase name="Extended Routes › Blog post /blog/why-ai-can-help-with-mtg-deck-building loads" classname="e2e\comprehensive-site.spec.ts" time="1.519">
</testcase>
<testcase name="Extended Routes › Blog post /blog/how-manatap-ai-works loads" classname="e2e\comprehensive-site.spec.ts" time="1.547">
</testcase>
<testcase name="Extended Routes › Blog post /blog/how-ai-evaluates-mtg-deck-synergy loads" classname="e2e\comprehensive-site.spec.ts" time="1.584">
</testcase>
<testcase name="Extended Routes › Archetype /commander-archetypes/dragons loads" classname="e2e\comprehensive-site.spec.ts" time="0.171">
</testcase>
<testcase name="Extended Routes › Archetype /commander-archetypes/aristocrats loads" classname="e2e\comprehensive-site.spec.ts" time="0.136">
</testcase>
<testcase name="Extended Routes › Archetype /commander-archetypes/treasure loads" classname="e2e\comprehensive-site.spec.ts" time="0.385">
</testcase>
<testcase name="Extended Routes › Archetype /commander-archetypes/spellslinger loads" classname="e2e\comprehensive-site.spec.ts" time="0.102">
</testcase>
<testcase name="Extended Routes › Archetype /commander-archetypes/elfball loads" classname="e2e\comprehensive-site.spec.ts" time="0.098">
</testcase>
<testcase name="Extended Routes › Archetype /commander-archetypes/tokens loads" classname="e2e\comprehensive-site.spec.ts" time="0.104">
</testcase>
<testcase name="Extended Routes › Archetype /commander-archetypes/sacrifice loads" classname="e2e\comprehensive-site.spec.ts" time="0.151">
</testcase>
<testcase name="Extended Routes › Archetype /commander-archetypes/reanimator loads" classname="e2e\comprehensive-site.spec.ts" time="0.146">
</testcase>
<testcase name="Extended Routes › Archetype /commander-archetypes/artifacts loads" classname="e2e\comprehensive-site.spec.ts" time="0.45">
</testcase>
<testcase name="Extended Routes › Archetype /commander-archetypes/enchantress loads" classname="e2e\comprehensive-site.spec.ts" time="0.094">
</testcase>
<testcase name="Extended Routes › Strategy /strategies/ramp loads" classname="e2e\comprehensive-site.spec.ts" time="0.102">
</testcase>
<testcase name="Extended Routes › Strategy /strategies/tokens loads" classname="e2e\comprehensive-site.spec.ts" time="0.103">
</testcase>
<testcase name="Extended Routes › Strategy /strategies/sacrifice loads" classname="e2e\comprehensive-site.spec.ts" time="0.092">
</testcase>
<testcase name="Extended Routes › Strategy /strategies/control loads" classname="e2e\comprehensive-site.spec.ts" time="0.104">
</testcase>
<testcase name="Extended Routes › Strategy /strategies/aggro loads" classname="e2e\comprehensive-site.spec.ts" time="0.12">
</testcase>
<testcase name="Extended Routes › Strategy /strategies/combo loads" classname="e2e\comprehensive-site.spec.ts" time="0.129">
</testcase>
<testcase name="Commander Content Multi › /commanders/edgar-markov/mulligan-guide loads" classname="e2e\comprehensive-site.spec.ts" time="0.389">
</testcase>
<testcase name="Commander Content Multi › /commanders/edgar-markov/budget-upgrades loads" classname="e2e\comprehensive-site.spec.ts" time="0.224">
</testcase>
<testcase name="Commander Content Multi › /commanders/edgar-markov/best-cards loads" classname="e2e\comprehensive-site.spec.ts" time="0.097">
</testcase>
<testcase name="Commander Content Multi › /commanders/giada-font-of-hope/mulligan-guide loads" classname="e2e\comprehensive-site.spec.ts" time="0.104">
</testcase>
<testcase name="Commander Content Multi › /commanders/giada-font-of-hope/budget-upgrades loads" classname="e2e\comprehensive-site.spec.ts" time="0.095">
</testcase>
<testcase name="Commander Content Multi › /commanders/giada-font-of-hope/best-cards loads" classname="e2e\comprehensive-site.spec.ts" time="0.113">
</testcase>
<testcase name="Commander Content Multi › /commanders/krenko-mob-boss/mulligan-guide loads" classname="e2e\comprehensive-site.spec.ts" time="0.144">
</testcase>
<testcase name="Commander Content Multi › /commanders/krenko-mob-boss/budget-upgrades loads" classname="e2e\comprehensive-site.spec.ts" time="0.157">
</testcase>
<testcase name="Commander Content Multi › /commanders/krenko-mob-boss/best-cards loads" classname="e2e\comprehensive-site.spec.ts" time="0.115">
</testcase>
<testcase name="Page Titles (SEO) › Title for /commanders matches /commanders|Commander/i" classname="e2e\comprehensive-site.spec.ts" time="1.145">
</testcase>
<testcase name="Page Titles (SEO) › Title for /commander-archetypes matches /archetype|Commander/i" classname="e2e\comprehensive-site.spec.ts" time="1.016">
</testcase>
<testcase name="Page Titles (SEO) › Title for /strategies matches /strategi|Commander/i" classname="e2e\comprehensive-site.spec.ts" time="1.199">
</testcase>
<testcase name="Page Titles (SEO) › Title for /meta matches /meta|trending|ManaTap/i" classname="e2e\comprehensive-site.spec.ts" time="1.339">
</testcase>
<testcase name="Page Titles (SEO) › Title for /cards matches /card|ManaTap/i" classname="e2e\comprehensive-site.spec.ts" time="1.422">
</testcase>
<testcase name="Page Titles (SEO) › Title for /blog matches /blog|ManaTap/i" classname="e2e\comprehensive-site.spec.ts" time="1.699">
</testcase>
<testcase name="Page Titles (SEO) › Title for /tools matches /tool|MTG|ManaTap/i" classname="e2e\comprehensive-site.spec.ts" time="1.623">
</testcase>
<testcase name="Page Titles (SEO) › Title for /privacy matches /privacy|ManaTap/i" classname="e2e\comprehensive-site.spec.ts" time="1.478">
</testcase>
<testcase name="Page Titles (SEO) › Title for /terms matches /terms|ManaTap/i" classname="e2e\comprehensive-site.spec.ts" time="1.088">
</testcase>
<testcase name="Page Titles (SEO) › Title for /support matches /support|ManaTap/i" classname="e2e\comprehensive-site.spec.ts" time="1.138">
</testcase>
<testcase name="Page Titles (SEO) › Title for /changelog matches /changelog|ManaTap/i" classname="e2e\comprehensive-site.spec.ts" time="1.2">
</testcase>
<testcase name="Page Titles (SEO) › Title for /decks/browse matches /decks|browse|ManaTap/i" classname="e2e\comprehensive-site.spec.ts" time="1.986">
</testcase>
<testcase name="Page Titles (SEO) › Title for /collections/cost-to-finish matches /cost|finish|ManaTap/i" classname="e2e\comprehensive-site.spec.ts" time="1.489">
</testcase>
<testcase name="Page Titles (SEO) › Title for /deck/swap-suggestions matches /swap|budget|ManaTap/i" classname="e2e\comprehensive-site.spec.ts" time="1.277">
</testcase>
<testcase name="Page Titles (SEO) › Title for /price-tracker matches /price|tracker|ManaTap/i" classname="e2e\comprehensive-site.spec.ts" time="1.139">
</testcase>
<testcase name="Page Titles (SEO) › Title for /commanders/giada-font-of-hope matches /Giada|Commander|ManaTap/i" classname="e2e\comprehensive-site.spec.ts" time="1.329">
</testcase>
<testcase name="Navigation Flows › Homepage → Commanders index → Commander hub" classname="e2e\comprehensive-site.spec.ts" time="5.903">
</testcase>
<testcase name="Navigation Flows › Commanders index → Tools" classname="e2e\comprehensive-site.spec.ts" time="1.587">
</testcase>
<testcase name="Navigation Flows › Tools index lists all tools" classname="e2e\comprehensive-site.spec.ts" time="1.713">
</testcase>
<testcase name="Navigation Flows › Commander hub → Mulligan guide" classname="e2e\comprehensive-site.spec.ts" time="2.323">
</testcase>
<testcase name="Navigation Flows › Blog index → Blog post" classname="e2e\comprehensive-site.spec.ts" time="1.996">
</testcase>
<testcase name="API Endpoints › GET /api/health returns ok" classname="e2e\comprehensive-site.spec.ts" time="0.12">
</testcase>
<testcase name="API Endpoints › Health returns database check" classname="e2e\comprehensive-site.spec.ts" time="0.116">
</testcase>
<testcase name="Error Handling › Non-existent commander returns 404" classname="e2e\comprehensive-site.spec.ts" time="0.05">
</testcase>
<testcase name="Error Handling › Non-existent blog returns 404" classname="e2e\comprehensive-site.spec.ts" time="0.066">
</testcase>
<testcase name="Error Handling › Invalid path returns 404 or redirect" classname="e2e\comprehensive-site.spec.ts" time="0.022">
</testcase>
<testcase name="Content Verification › Commander hub has intro text" classname="e2e\comprehensive-site.spec.ts" time="1.797">
</testcase>
<testcase name="Content Verification › Archetype page has intro content" classname="e2e\comprehensive-site.spec.ts" time="1.777">
</testcase>
<testcase name="Content Verification › Strategy page has intro content" classname="e2e\comprehensive-site.spec.ts" time="2.56">
</testcase>
<testcase name="Content Verification › Blog post has article content" classname="e2e\comprehensive-site.spec.ts" time="0.928">
</testcase>
<testcase name="Content Verification › Card page has card name" classname="e2e\comprehensive-site.spec.ts" time="1.821">
</testcase>
</testsuite>
<testsuite name="e2e\comprehensive-site.spec.ts" timestamp="2026-02-13T22:29:23.489Z" hostname="smoke-android" tests="106" failures="0" skipped="2" time="132.723" errors="0">
<testcase name="Comprehensive Site Test › 1. Homepage — loads, chat visible, no critical errors" classname="e2e\comprehensive-site.spec.ts" time="2.559">
</testcase>
<testcase name="Comprehensive Site Test › 2. Static core pages — all return 200" classname="e2e\comprehensive-site.spec.ts" time="7.341">
</testcase>
<testcase name="Comprehensive Site Test › 3. Commander hub pages — first 10 commanders load" classname="e2e\comprehensive-site.spec.ts" time="7.361">
</testcase>
<testcase name="Comprehensive Site Test › 4. Commander content pages — mulligan, budget, best-cards" classname="e2e\comprehensive-site.spec.ts" time="3.65">
</testcase>
<testcase name="Comprehensive Site Test › 5. Commander hub polish — stats ribbon, tools, synergy, similar" classname="e2e\comprehensive-site.spec.ts" time="2.68">
</testcase>
<testcase name="Comprehensive Site Test › 6. Archetypes — index + all archetype pages" classname="e2e\comprehensive-site.spec.ts" time="2.91">
</testcase>
<testcase name="Comprehensive Site Test › 7. Strategies — index + all strategy pages" classname="e2e\comprehensive-site.spec.ts" time="3.727">
</testcase>
<testcase name="Comprehensive Site Test › 8. Meta pages — trending, most-played, budget" classname="e2e\comprehensive-site.spec.ts" time="4.06">
</testcase>
<testcase name="Comprehensive Site Test › 9. Cards — index + top card pages" classname="e2e\comprehensive-site.spec.ts" time="3.61">
</testcase>
<testcase name="Comprehensive Site Test › 10. Blog — index + sample posts" classname="e2e\comprehensive-site.spec.ts" time="3.503">
</testcase>
<testcase name="Comprehensive Site Test › 11. Monetization — pricing page content" classname="e2e\comprehensive-site.spec.ts" time="1.351">
</testcase>
<testcase name="Comprehensive Site Test › 12. Monetization — upgrade CTA exists on tool pages" classname="e2e\comprehensive-site.spec.ts" time="1.752">
</testcase>
<testcase name="Comprehensive Site Test › 13. Discoverability — sitemap index returns 200" classname="e2e\comprehensive-site.spec.ts" time="0.003">
<properties>
<property name="skip" value="Sitemap may not be available in dev mode">
</property>
</properties>
<skipped>
</skipped>
</testcase>
<testcase name="Comprehensive Site Test › 14. Discoverability — sitemap segments return valid XML" classname="e2e\comprehensive-site.spec.ts" time="0.003">
<properties>
<property name="skip" value="Sitemap may not be available in dev mode">
</property>
</properties>
<skipped>
</skipped>
</testcase>
<testcase name="Comprehensive Site Test › 15. Discoverability — key pages have title and meta" classname="e2e\comprehensive-site.spec.ts" time="2.549">
</testcase>
<testcase name="Comprehensive Site Test › 16. Tools — mulligan simulator loads" classname="e2e\comprehensive-site.spec.ts" time="1.78">
</testcase>
<testcase name="Comprehensive Site Test › 17. Tools — probability calculator loads" classname="e2e\comprehensive-site.spec.ts" time="1.264">
</testcase>
<testcase name="Comprehensive Site Test › 18. Tools — cost-to-finish loads" classname="e2e\comprehensive-site.spec.ts" time="1.185">
</testcase>
<testcase name="Comprehensive Site Test › 19. Tools — budget swap suggestions loads" classname="e2e\comprehensive-site.spec.ts" time="1.285">
</testcase>
<testcase name="Comprehensive Site Test › 20. Tools — price tracker loads" classname="e2e\comprehensive-site.spec.ts" time="1.556">
</testcase>
<testcase name="Comprehensive Site Test › 21. Deck browse — search works" classname="e2e\comprehensive-site.spec.ts" time="1.228">
</testcase>
<testcase name="Comprehensive Site Test › 22. Commander tools CTA — links are crawlable" classname="e2e\comprehensive-site.spec.ts" time="1.973">
</testcase>
<testcase name="Comprehensive Site Test › 23. Internal linking — commander hub to content pages" classname="e2e\comprehensive-site.spec.ts" time="1.804">
</testcase>
<testcase name="Comprehensive Site Test › 24. Similar commanders — links to other commanders" classname="e2e\comprehensive-site.spec.ts" time="2.239">
</testcase>
<testcase name="Comprehensive Site Test › 25. Health API — returns ok" classname="e2e\comprehensive-site.spec.ts" time="0.191">
</testcase>
<testcase name="Comprehensive Site Test › 26. Guest pages — my-decks, collections, profile show sign-in when not logged in" classname="e2e\comprehensive-site.spec.ts" time="2.398">
</testcase>
<testcase name="Comprehensive Site Test › 27. Wishlist page loads" classname="e2e\comprehensive-site.spec.ts" time="1.378">
</testcase>
<testcase name="Comprehensive Site Test › 28. New deck page loads" classname="e2e\comprehensive-site.spec.ts" time="1.36">
</testcase>
<testcase name="Comprehensive Site Test › 29. Compare decks page loads" classname="e2e\comprehensive-site.spec.ts" time="1.315">
</testcase>
<testcase name="Comprehensive Site Test › 30. SEO /q pages — at least index works" classname="e2e\comprehensive-site.spec.ts" time="0.66">
</testcase>
<testcase name="Extended Routes › Route /refund returns 200" classname="e2e\comprehensive-site.spec.ts" time="0.17">
</testcase>
<testcase name="Extended Routes › Route /thank-you returns 200" classname="e2e\comprehensive-site.spec.ts" time="0.019">
</testcase>
<testcase name="Extended Routes › Route /budget-swaps returns 200" classname="e2e\comprehensive-site.spec.ts" time="0.074">
</testcase>
<testcase name="Extended Routes › Route /compare-decks returns 200" classname="e2e\comprehensive-site.spec.ts" time="0.04">
</testcase>
<testcase name="Extended Routes › Route /watchlist returns 200" classname="e2e\comprehensive-site.spec.ts" time="0.025">
</testcase>
<testcase name="Extended Routes › Route /binder/sol-ring returns 200" classname="e2e\comprehensive-site.spec.ts" time="0.338">
</testcase>
<testcase name="Extended Routes › Route /collections returns 200" classname="e2e\comprehensive-site.spec.ts" time="0.021">
</testcase>
<testcase name="Extended Routes › Route /meta/trending-commanders returns 200" classname="e2e\comprehensive-site.spec.ts" time="0.09">
</testcase>
<testcase name="Extended Routes › Blog post /blog/devlog-23-days-soft-launch loads" classname="e2e\comprehensive-site.spec.ts" time="1.279">
</testcase>
<testcase name="Extended Routes › Blog post /blog/welcome-to-manatap-ai-soft-launch loads" classname="e2e\comprehensive-site.spec.ts" time="1.468">
</testcase>
<testcase name="Extended Routes › Blog post /blog/budget-commander-100 loads" classname="e2e\comprehensive-site.spec.ts" time="1.286">
</testcase>
<testcase name="Extended Routes › Blog post /blog/mana-curve-mastery loads" classname="e2e\comprehensive-site.spec.ts" time="1.648">
</testcase>
<testcase name="Extended Routes › Blog post /blog/budget-edh-hidden-gems loads" classname="e2e\comprehensive-site.spec.ts" time="1.452">
</testcase>
<testcase name="Extended Routes › Blog post /blog/how-to-build-your-first-commander-deck loads" classname="e2e\comprehensive-site.spec.ts" time="1.186">
</testcase>
<testcase name="Extended Routes › Blog post /blog/the-7-most-common-deckbuilding-mistakes loads" classname="e2e\comprehensive-site.spec.ts" time="1.339">
</testcase>
<testcase name="Extended Routes › Blog post /blog/edh-land-count-what-the-community-actually-runs loads" classname="e2e\comprehensive-site.spec.ts" time="1.47">
</testcase>
<testcase name="Extended Routes › Blog post /blog/top-budget-staples-every-mtg-player-should-know-2025 loads" classname="e2e\comprehensive-site.spec.ts" time="1.667">
</testcase>
<testcase name="Extended Routes › Blog post /blog/why-ai-can-help-with-mtg-deck-building loads" classname="e2e\comprehensive-site.spec.ts" time="1.174">
</testcase>
<testcase name="Extended Routes › Blog post /blog/how-manatap-ai-works loads" classname="e2e\comprehensive-site.spec.ts" time="1.484">
</testcase>
<testcase name="Extended Routes › Blog post /blog/how-ai-evaluates-mtg-deck-synergy loads" classname="e2e\comprehensive-site.spec.ts" time="1.219">
</testcase>
<testcase name="Extended Routes › Archetype /commander-archetypes/dragons loads" classname="e2e\comprehensive-site.spec.ts" time="0.124">
</testcase>
<testcase name="Extended Routes › Archetype /commander-archetypes/aristocrats loads" classname="e2e\comprehensive-site.spec.ts" time="0.095">
</testcase>
<testcase name="Extended Routes › Archetype /commander-archetypes/treasure loads" classname="e2e\comprehensive-site.spec.ts" time="0.113">
</testcase>
<testcase name="Extended Routes › Archetype /commander-archetypes/spellslinger loads" classname="e2e\comprehensive-site.spec.ts" time="0.122">
</testcase>
<testcase name="Extended Routes › Archetype /commander-archetypes/elfball loads" classname="e2e\comprehensive-site.spec.ts" time="0.096">
</testcase>
<testcase name="Extended Routes › Archetype /commander-archetypes/tokens loads" classname="e2e\comprehensive-site.spec.ts" time="0.133">
</testcase>
<testcase name="Extended Routes › Archetype /commander-archetypes/sacrifice loads" classname="e2e\comprehensive-site.spec.ts" time="0.107">
</testcase>
<testcase name="Extended Routes › Archetype /commander-archetypes/reanimator loads" classname="e2e\comprehensive-site.spec.ts" time="0.102">
</testcase>
<testcase name="Extended Routes › Archetype /commander-archetypes/artifacts loads" classname="e2e\comprehensive-site.spec.ts" time="0.095">
</testcase>
<testcase name="Extended Routes › Archetype /commander-archetypes/enchantress loads" classname="e2e\comprehensive-site.spec.ts" time="0.11">
</testcase>
<testcase name="Extended Routes › Strategy /strategies/ramp loads" classname="e2e\comprehensive-site.spec.ts" time="0.088">
</testcase>
<testcase name="Extended Routes › Strategy /strategies/tokens loads" classname="e2e\comprehensive-site.spec.ts" time="0.108">
</testcase>
<testcase name="Extended Routes › Strategy /strategies/sacrifice loads" classname="e2e\comprehensive-site.spec.ts" time="0.213">
</testcase>
<testcase name="Extended Routes › Strategy /strategies/control loads" classname="e2e\comprehensive-site.spec.ts" time="0.102">
</testcase>
<testcase name="Extended Routes › Strategy /strategies/aggro loads" classname="e2e\comprehensive-site.spec.ts" time="0.153">
</testcase>
<testcase name="Extended Routes › Strategy /strategies/combo loads" classname="e2e\comprehensive-site.spec.ts" time="0.105">
</testcase>
<testcase name="Commander Content Multi › /commanders/edgar-markov/mulligan-guide loads" classname="e2e\comprehensive-site.spec.ts" time="0.207">
</testcase>
<testcase name="Commander Content Multi › /commanders/edgar-markov/budget-upgrades loads" classname="e2e\comprehensive-site.spec.ts" time="0.305">
</testcase>
<testcase name="Commander Content Multi › /commanders/edgar-markov/best-cards loads" classname="e2e\comprehensive-site.spec.ts" time="0.101">
</testcase>
<testcase name="Commander Content Multi › /commanders/giada-font-of-hope/mulligan-guide loads" classname="e2e\comprehensive-site.spec.ts" time="0.127">
</testcase>
<testcase name="Commander Content Multi › /commanders/giada-font-of-hope/budget-upgrades loads" classname="e2e\comprehensive-site.spec.ts" time="0.177">
</testcase>
<testcase name="Commander Content Multi › /commanders/giada-font-of-hope/best-cards loads" classname="e2e\comprehensive-site.spec.ts" time="0.133">
</testcase>
<testcase name="Commander Content Multi › /commanders/krenko-mob-boss/mulligan-guide loads" classname="e2e\comprehensive-site.spec.ts" time="0.169">
</testcase>
<testcase name="Commander Content Multi › /commanders/krenko-mob-boss/budget-upgrades loads" classname="e2e\comprehensive-site.spec.ts" time="0.192">
</testcase>
<testcase name="Commander Content Multi › /commanders/krenko-mob-boss/best-cards loads" classname="e2e\comprehensive-site.spec.ts" time="0.105">
</testcase>
<testcase name="Page Titles (SEO) › Title for /commanders matches /commanders|Commander/i" classname="e2e\comprehensive-site.spec.ts" time="1.695">
</testcase>
<testcase name="Page Titles (SEO) › Title for /commander-archetypes matches /archetype|Commander/i" classname="e2e\comprehensive-site.spec.ts" time="1.403">
</testcase>
<testcase name="Page Titles (SEO) › Title for /strategies matches /strategi|Commander/i" classname="e2e\comprehensive-site.spec.ts" time="1.974">
</testcase>
<testcase name="Page Titles (SEO) › Title for /meta matches /meta|trending|ManaTap/i" classname="e2e\comprehensive-site.spec.ts" time="1.424">
</testcase>
<testcase name="Page Titles (SEO) › Title for /cards matches /card|ManaTap/i" classname="e2e\comprehensive-site.spec.ts" time="1.668">
</testcase>
<testcase name="Page Titles (SEO) › Title for /blog matches /blog|ManaTap/i" classname="e2e\comprehensive-site.spec.ts" time="1.422">
</testcase>
<testcase name="Page Titles (SEO) › Title for /tools matches /tool|MTG|ManaTap/i" classname="e2e\comprehensive-site.spec.ts" time="1.463">
</testcase>
<testcase name="Page Titles (SEO) › Title for /privacy matches /privacy|ManaTap/i" classname="e2e\comprehensive-site.spec.ts" time="1.177">
</testcase>
<testcase name="Page Titles (SEO) › Title for /terms matches /terms|ManaTap/i" classname="e2e\comprehensive-site.spec.ts" time="1.313">
</testcase>
<testcase name="Page Titles (SEO) › Title for /support matches /support|ManaTap/i" classname="e2e\comprehensive-site.spec.ts" time="1.437">
</testcase>
<testcase name="Page Titles (SEO) › Title for /changelog matches /changelog|ManaTap/i" classname="e2e\comprehensive-site.spec.ts" time="1.48">
</testcase>
<testcase name="Page Titles (SEO) › Title for /decks/browse matches /decks|browse|ManaTap/i" classname="e2e\comprehensive-site.spec.ts" time="1.775">
</testcase>
<testcase name="Page Titles (SEO) › Title for /collections/cost-to-finish matches /cost|finish|ManaTap/i" classname="e2e\comprehensive-site.spec.ts" time="1.58">
</testcase>
<testcase name="Page Titles (SEO) › Title for /deck/swap-suggestions matches /swap|budget|ManaTap/i" classname="e2e\comprehensive-site.spec.ts" time="1.585">
</testcase>
<testcase name="Page Titles (SEO) › Title for /price-tracker matches /price|tracker|ManaTap/i" classname="e2e\comprehensive-site.spec.ts" time="1.365">
</testcase>
<testcase name="Page Titles (SEO) › Title for /commanders/giada-font-of-hope matches /Giada|Commander|ManaTap/i" classname="e2e\comprehensive-site.spec.ts" time="2.167">
</testcase>
<testcase name="Navigation Flows › Homepage → Commanders index → Commander hub" classname="e2e\comprehensive-site.spec.ts" time="2.832">
</testcase>
<testcase name="Navigation Flows › Commanders index → Tools" classname="e2e\comprehensive-site.spec.ts" time="1.658">
</testcase>
<testcase name="Navigation Flows › Tools index lists all tools" classname="e2e\comprehensive-site.spec.ts" time="1.146">
</testcase>
<testcase name="Navigation Flows › Commander hub → Mulligan guide" classname="e2e\comprehensive-site.spec.ts" time="1.977">
</testcase>
<testcase name="Navigation Flows › Blog index → Blog post" classname="e2e\comprehensive-site.spec.ts" time="1.67">
</testcase>
<testcase name="API Endpoints › GET /api/health returns ok" classname="e2e\comprehensive-site.spec.ts" time="0.11">
</testcase>
<testcase name="API Endpoints › Health returns database check" classname="e2e\comprehensive-site.spec.ts" time="0.112">
</testcase>
<testcase name="Error Handling › Non-existent commander returns 404" classname="e2e\comprehensive-site.spec.ts" time="0.061">
</testcase>
<testcase name="Error Handling › Non-existent blog returns 404" classname="e2e\comprehensive-site.spec.ts" time="0.094">
</testcase>
<testcase name="Error Handling › Invalid path returns 404 or redirect" classname="e2e\comprehensive-site.spec.ts" time="0.045">
</testcase>
<testcase name="Content Verification › Commander hub has intro text" classname="e2e\comprehensive-site.spec.ts" time="1.564">
</testcase>
<testcase name="Content Verification › Archetype page has intro content" classname="e2e\comprehensive-site.spec.ts" time="2.422">
</testcase>
<testcase name="Content Verification › Strategy page has intro content" classname="e2e\comprehensive-site.spec.ts" time="1.194">
</testcase>
<testcase name="Content Verification › Blog post has article content" classname="e2e\comprehensive-site.spec.ts" time="1.321">
</testcase>
<testcase name="Content Verification › Card page has card name" classname="e2e\comprehensive-site.spec.ts" time="2.083">
</testcase>
</testsuite>
<testsuite name="e2e\comprehensive-site.spec.ts" timestamp="2026-02-13T22:29:23.489Z" hostname="smoke-ipad" tests="106" failures="0" skipped="2" time="74.286" errors="0">
<testcase name="Comprehensive Site Test › 1. Homepage — loads, chat visible, no critical errors" classname="e2e\comprehensive-site.spec.ts" time="2.431">
</testcase>
<testcase name="Comprehensive Site Test › 2. Static core pages — all return 200" classname="e2e\comprehensive-site.spec.ts" time="2.429">
</testcase>
<testcase name="Comprehensive Site Test › 3. Commander hub pages — first 10 commanders load" classname="e2e\comprehensive-site.spec.ts" time="5.217">
</testcase>
<testcase name="Comprehensive Site Test › 4. Commander content pages — mulligan, budget, best-cards" classname="e2e\comprehensive-site.spec.ts" time="1.636">
</testcase>
<testcase name="Comprehensive Site Test › 5. Commander hub polish — stats ribbon, tools, synergy, similar" classname="e2e\comprehensive-site.spec.ts" time="0.954">
</testcase>
<testcase name="Comprehensive Site Test › 6. Archetypes — index + all archetype pages" classname="e2e\comprehensive-site.spec.ts" time="2.639">
</testcase>
<testcase name="Comprehensive Site Test › 7. Strategies — index + all strategy pages" classname="e2e\comprehensive-site.spec.ts" time="1.663">
</testcase>
<testcase name="Comprehensive Site Test › 8. Meta pages — trending, most-played, budget" classname="e2e\comprehensive-site.spec.ts" time="1.777">
</testcase>
<testcase name="Comprehensive Site Test › 9. Cards — index + top card pages" classname="e2e\comprehensive-site.spec.ts" time="1.797">
</testcase>
<testcase name="Comprehensive Site Test › 10. Blog — index + sample posts" classname="e2e\comprehensive-site.spec.ts" time="1.322">
</testcase>
<testcase name="Comprehensive Site Test › 11. Monetization — pricing page content" classname="e2e\comprehensive-site.spec.ts" time="0.795">
</testcase>
<testcase name="Comprehensive Site Test › 12. Monetization — upgrade CTA exists on tool pages" classname="e2e\comprehensive-site.spec.ts" time="0.777">
</testcase>
<testcase name="Comprehensive Site Test › 13. Discoverability — sitemap index returns 200" classname="e2e\comprehensive-site.spec.ts" time="0.002">
<properties>
<property name="skip" value="Sitemap may not be available in dev mode">
</property>
</properties>
<skipped>
</skipped>
</testcase>
<testcase name="Comprehensive Site Test › 14. Discoverability — sitemap segments return valid XML" classname="e2e\comprehensive-site.spec.ts" time="0.002">
<properties>
<property name="skip" value="Sitemap may not be available in dev mode">
</property>
</properties>
<skipped>
</skipped>
</testcase>
<testcase name="Comprehensive Site Test › 15. Discoverability — key pages have title and meta" classname="e2e\comprehensive-site.spec.ts" time="2.049">
</testcase>
<testcase name="Comprehensive Site Test › 16. Tools — mulligan simulator loads" classname="e2e\comprehensive-site.spec.ts" time="0.739">
</testcase>
<testcase name="Comprehensive Site Test › 17. Tools — probability calculator loads" classname="e2e\comprehensive-site.spec.ts" time="0.815">
</testcase>
<testcase name="Comprehensive Site Test › 18. Tools — cost-to-finish loads" classname="e2e\comprehensive-site.spec.ts" time="0.798">
</testcase>
<testcase name="Comprehensive Site Test › 19. Tools — budget swap suggestions loads" classname="e2e\comprehensive-site.spec.ts" time="0.858">
</testcase>
<testcase name="Comprehensive Site Test › 20. Tools — price tracker loads" classname="e2e\comprehensive-site.spec.ts" time="0.735">
</testcase>
<testcase name="Comprehensive Site Test › 21. Deck browse — search works" classname="e2e\comprehensive-site.spec.ts" time="0.754">
</testcase>
<testcase name="Comprehensive Site Test › 22. Commander tools CTA — links are crawlable" classname="e2e\comprehensive-site.spec.ts" time="0.944">
</testcase>
<testcase name="Comprehensive Site Test › 23. Internal linking — commander hub to content pages" classname="e2e\comprehensive-site.spec.ts" time="0.937">
</testcase>
<testcase name="Comprehensive Site Test › 24. Similar commanders — links to other commanders" classname="e2e\comprehensive-site.spec.ts" time="0.928">
</testcase>
<testcase name="Comprehensive Site Test › 25. Health API — returns ok" classname="e2e\comprehensive-site.spec.ts" time="0.124">
</testcase>
<testcase name="Comprehensive Site Test › 26. Guest pages — my-decks, collections, profile show sign-in when not logged in" classname="e2e\comprehensive-site.spec.ts" time="1.272">
</testcase>
<testcase name="Comprehensive Site Test › 27. Wishlist page loads" classname="e2e\comprehensive-site.spec.ts" time="0.67">
</testcase>
<testcase name="Comprehensive Site Test › 28. New deck page loads" classname="e2e\comprehensive-site.spec.ts" time="0.665">
</testcase>
<testcase name="Comprehensive Site Test › 29. Compare decks page loads" classname="e2e\comprehensive-site.spec.ts" time="0.679">
</testcase>
<testcase name="Comprehensive Site Test › 30. SEO /q pages — at least index works" classname="e2e\comprehensive-site.spec.ts" time="1.334">
</testcase>
<testcase name="Extended Routes › Route /refund returns 200" classname="e2e\comprehensive-site.spec.ts" time="0.026">
</testcase>
<testcase name="Extended Routes › Route /thank-you returns 200" classname="e2e\comprehensive-site.spec.ts" time="0.019">
</testcase>
<testcase name="Extended Routes › Route /budget-swaps returns 200" classname="e2e\comprehensive-site.spec.ts" time="0.039">
</testcase>
<testcase name="Extended Routes › Route /compare-decks returns 200" classname="e2e\comprehensive-site.spec.ts" time="0.024">
</testcase>
<testcase name="Extended Routes › Route /watchlist returns 200" classname="e2e\comprehensive-site.spec.ts" time="0.013">
</testcase>
<testcase name="Extended Routes › Route /binder/sol-ring returns 200" classname="e2e\comprehensive-site.spec.ts" time="0.155">
</testcase>
<testcase name="Extended Routes › Route /collections returns 200" classname="e2e\comprehensive-site.spec.ts" time="0.019">
</testcase>
<testcase name="Extended Routes › Route /meta/trending-commanders returns 200" classname="e2e\comprehensive-site.spec.ts" time="0.089">
</testcase>
<testcase name="Extended Routes › Blog post /blog/devlog-23-days-soft-launch loads" classname="e2e\comprehensive-site.spec.ts" time="0.716">
</testcase>
<testcase name="Extended Routes › Blog post /blog/welcome-to-manatap-ai-soft-launch loads" classname="e2e\comprehensive-site.spec.ts" time="0.729">
</testcase>
<testcase name="Extended Routes › Blog post /blog/budget-commander-100 loads" classname="e2e\comprehensive-site.spec.ts" time="0.703">
</testcase>
<testcase name="Extended Routes › Blog post /blog/mana-curve-mastery loads" classname="e2e\comprehensive-site.spec.ts" time="0.72">
</testcase>
<testcase name="Extended Routes › Blog post /blog/budget-edh-hidden-gems loads" classname="e2e\comprehensive-site.spec.ts" time="0.717">
</testcase>
<testcase name="Extended Routes › Blog post /blog/how-to-build-your-first-commander-deck loads" classname="e2e\comprehensive-site.spec.ts" time="0.662">
</testcase>
<testcase name="Extended Routes › Blog post /blog/the-7-most-common-deckbuilding-mistakes loads" classname="e2e\comprehensive-site.spec.ts" time="0.987">
</testcase>
<testcase name="Extended Routes › Blog post /blog/edh-land-count-what-the-community-actually-runs loads" classname="e2e\comprehensive-site.spec.ts" time="0.651">
</testcase>
<testcase name="Extended Routes › Blog post /blog/top-budget-staples-every-mtg-player-should-know-2025 loads" classname="e2e\comprehensive-site.spec.ts" time="0.668">
</testcase>
<testcase name="Extended Routes › Blog post /blog/why-ai-can-help-with-mtg-deck-building loads" classname="e2e\comprehensive-site.spec.ts" time="0.749">
</testcase>
<testcase name="Extended Routes › Blog post /blog/how-manatap-ai-works loads" classname="e2e\comprehensive-site.spec.ts" time="0.774">
</testcase>
<testcase name="Extended Routes › Blog post /blog/how-ai-evaluates-mtg-deck-synergy loads" classname="e2e\comprehensive-site.spec.ts" time="0.713">
</testcase>
<testcase name="Extended Routes › Archetype /commander-archetypes/dragons loads" classname="e2e\comprehensive-site.spec.ts" time="0.093">
</testcase>
<testcase name="Extended Routes › Archetype /commander-archetypes/aristocrats loads" classname="e2e\comprehensive-site.spec.ts" time="0.084">
</testcase>
<testcase name="Extended Routes › Archetype /commander-archetypes/treasure loads" classname="e2e\comprehensive-site.spec.ts" time="0.091">
</testcase>
<testcase name="Extended Routes › Archetype /commander-archetypes/spellslinger loads" classname="e2e\comprehensive-site.spec.ts" time="0.117">
</testcase>
<testcase name="Extended Routes › Archetype /commander-archetypes/elfball loads" classname="e2e\comprehensive-site.spec.ts" time="0.091">
</testcase>
<testcase name="Extended Routes › Archetype /commander-archetypes/tokens loads" classname="e2e\comprehensive-site.spec.ts" time="0.117">
</testcase>
<testcase name="Extended Routes › Archetype /commander-archetypes/sacrifice loads" classname="e2e\comprehensive-site.spec.ts" time="0.089">
</testcase>
<testcase name="Extended Routes › Archetype /commander-archetypes/reanimator loads" classname="e2e\comprehensive-site.spec.ts" time="0.111">
</testcase>
<testcase name="Extended Routes › Archetype /commander-archetypes/artifacts loads" classname="e2e\comprehensive-site.spec.ts" time="0.132">
</testcase>
<testcase name="Extended Routes › Archetype /commander-archetypes/enchantress loads" classname="e2e\comprehensive-site.spec.ts" time="0.099">
</testcase>
<testcase name="Extended Routes › Strategy /strategies/ramp loads" classname="e2e\comprehensive-site.spec.ts" time="0.121">
</testcase>
<testcase name="Extended Routes › Strategy /strategies/tokens loads" classname="e2e\comprehensive-site.spec.ts" time="0.086">
</testcase>
<testcase name="Extended Routes › Strategy /strategies/sacrifice loads" classname="e2e\comprehensive-site.spec.ts" time="0.1">
</testcase>
<testcase name="Extended Routes › Strategy /strategies/control loads" classname="e2e\comprehensive-site.spec.ts" time="0.089">
</testcase>
<testcase name="Extended Routes › Strategy /strategies/aggro loads" classname="e2e\comprehensive-site.spec.ts" time="0.098">
</testcase>
<testcase name="Extended Routes › Strategy /strategies/combo loads" classname="e2e\comprehensive-site.spec.ts" time="0.126">
</testcase>
<testcase name="Commander Content Multi › /commanders/edgar-markov/mulligan-guide loads" classname="e2e\comprehensive-site.spec.ts" time="0.104">
</testcase>
<testcase name="Commander Content Multi › /commanders/edgar-markov/budget-upgrades loads" classname="e2e\comprehensive-site.spec.ts" time="0.137">
</testcase>
<testcase name="Commander Content Multi › /commanders/edgar-markov/best-cards loads" classname="e2e\comprehensive-site.spec.ts" time="0.114">
</testcase>
<testcase name="Commander Content Multi › /commanders/giada-font-of-hope/mulligan-guide loads" classname="e2e\comprehensive-site.spec.ts" time="0.134">
</testcase>
<testcase name="Commander Content Multi › /commanders/giada-font-of-hope/budget-upgrades loads" classname="e2e\comprehensive-site.spec.ts" time="0.101">
</testcase>
<testcase name="Commander Content Multi › /commanders/giada-font-of-hope/best-cards loads" classname="e2e\comprehensive-site.spec.ts" time="0.148">
</testcase>
<testcase name="Commander Content Multi › /commanders/krenko-mob-boss/mulligan-guide loads" classname="e2e\comprehensive-site.spec.ts" time="0.126">
</testcase>
<testcase name="Commander Content Multi › /commanders/krenko-mob-boss/budget-upgrades loads" classname="e2e\comprehensive-site.spec.ts" time="0.164">
</testcase>
<testcase name="Commander Content Multi › /commanders/krenko-mob-boss/best-cards loads" classname="e2e\comprehensive-site.spec.ts" time="0.096">
</testcase>
<testcase name="Page Titles (SEO) › Title for /commanders matches /commanders|Commander/i" classname="e2e\comprehensive-site.spec.ts" time="0.85">
</testcase>
<testcase name="Page Titles (SEO) › Title for /commander-archetypes matches /archetype|Commander/i" classname="e2e\comprehensive-site.spec.ts" time="0.783">
</testcase>
<testcase name="Page Titles (SEO) › Title for /strategies matches /strategi|Commander/i" classname="e2e\comprehensive-site.spec.ts" time="0.737">
</testcase>
<testcase name="Page Titles (SEO) › Title for /meta matches /meta|trending|ManaTap/i" classname="e2e\comprehensive-site.spec.ts" time="0.938">
</testcase>
<testcase name="Page Titles (SEO) › Title for /cards matches /card|ManaTap/i" classname="e2e\comprehensive-site.spec.ts" time="0.976">
</testcase>
<testcase name="Page Titles (SEO) › Title for /blog matches /blog|ManaTap/i" classname="e2e\comprehensive-site.spec.ts" time="0.701">
</testcase>
<testcase name="Page Titles (SEO) › Title for /tools matches /tool|MTG|ManaTap/i" classname="e2e\comprehensive-site.spec.ts" time="0.768">
</testcase>
<testcase name="Page Titles (SEO) › Title for /privacy matches /privacy|ManaTap/i" classname="e2e\comprehensive-site.spec.ts" time="0.789">
</testcase>
<testcase name="Page Titles (SEO) › Title for /terms matches /terms|ManaTap/i" classname="e2e\comprehensive-site.spec.ts" time="0.692">
</testcase>
<testcase name="Page Titles (SEO) › Title for /support matches /support|ManaTap/i" classname="e2e\comprehensive-site.spec.ts" time="0.746">
</testcase>
<testcase name="Page Titles (SEO) › Title for /changelog matches /changelog|ManaTap/i" classname="e2e\comprehensive-site.spec.ts" time="0.737">
</testcase>
<testcase name="Page Titles (SEO) › Title for /decks/browse matches /decks|browse|ManaTap/i" classname="e2e\comprehensive-site.spec.ts" time="0.737">
</testcase>
<testcase name="Page Titles (SEO) › Title for /collections/cost-to-finish matches /cost|finish|ManaTap/i" classname="e2e\comprehensive-site.spec.ts" time="0.796">
</testcase>
<testcase name="Page Titles (SEO) › Title for /deck/swap-suggestions matches /swap|budget|ManaTap/i" classname="e2e\comprehensive-site.spec.ts" time="0.847">
</testcase>
<testcase name="Page Titles (SEO) › Title for /price-tracker matches /price|tracker|ManaTap/i" classname="e2e\comprehensive-site.spec.ts" time="0.779">
</testcase>
<testcase name="Page Titles (SEO) › Title for /commanders/giada-font-of-hope matches /Giada|Commander|ManaTap/i" classname="e2e\comprehensive-site.spec.ts" time="0.958">
</testcase>
<testcase name="Navigation Flows › Homepage → Commanders index → Commander hub" classname="e2e\comprehensive-site.spec.ts" time="2.121">
</testcase>
<testcase name="Navigation Flows › Commanders index → Tools" classname="e2e\comprehensive-site.spec.ts" time="0.999">
</testcase>
<testcase name="Navigation Flows › Tools index lists all tools" classname="e2e\comprehensive-site.spec.ts" time="0.791">
</testcase>
<testcase name="Navigation Flows › Commander hub → Mulligan guide" classname="e2e\comprehensive-site.spec.ts" time="1.747">
</testcase>
<testcase name="Navigation Flows › Blog index → Blog post" classname="e2e\comprehensive-site.spec.ts" time="1.15">
</testcase>
<testcase name="API Endpoints › GET /api/health returns ok" classname="e2e\comprehensive-site.spec.ts" time="0.15">
</testcase>
<testcase name="API Endpoints › Health returns database check" classname="e2e\comprehensive-site.spec.ts" time="0.146">
</testcase>
<testcase name="Error Handling › Non-existent commander returns 404" classname="e2e\comprehensive-site.spec.ts" time="0.024">
</testcase>
<testcase name="Error Handling › Non-existent blog returns 404" classname="e2e\comprehensive-site.spec.ts" time="0.061">
</testcase>
<testcase name="Error Handling › Invalid path returns 404 or redirect" classname="e2e\comprehensive-site.spec.ts" time="0.027">
</testcase>
<testcase name="Content Verification › Commander hub has intro text" classname="e2e\comprehensive-site.spec.ts" time="1.034">
</testcase>
<testcase name="Content Verification › Archetype page has intro content" classname="e2e\comprehensive-site.spec.ts" time="0.876">
</testcase>
<testcase name="Content Verification › Strategy page has intro content" classname="e2e\comprehensive-site.spec.ts" time="0.867">
</testcase>
<testcase name="Content Verification › Blog post has article content" classname="e2e\comprehensive-site.spec.ts" time="0.636">
</testcase>
<testcase name="Content Verification › Card page has card name" classname="e2e\comprehensive-site.spec.ts" time="1.14">
</testcase>
</testsuite>
</testsuites>